d:\despair\despair\lp16\lp16\debug\lp16.pch
d:\despair\despair\lp16\lp16\debug\vc141.pdb
d:\despair\despair\lp16\lp16\debug\vc141.idb
d:\despair\despair\lp16\lp16\debug\stdafx.obj
d:\despair\despair\lp16\lp16\debug\div.obj
d:\despair\despair\lp16\lp16\debug\error.obj
d:\despair\despair\lp16\lp16\debug\fst.obj
d:\despair\despair\lp16\lp16\debug\generation.obj
d:\despair\despair\lp16\lp16\debug\greibach.obj
d:\despair\despair\lp16\lp16\debug\in.obj
d:\despair\despair\lp16\lp16\debug\it.obj
d:\despair\despair\lp16\lp16\debug\lexanaliz.obj
d:\despair\despair\lp16\lp16\debug\log.obj
d:\despair\despair\lp16\lp16\debug\lp16.obj
d:\despair\despair\lp16\lp16\debug\lt.obj
d:\despair\despair\lp16\lp16\debug\mfst.obj
d:\despair\despair\lp16\lp16\debug\parm.obj
d:\despair\despair\lp16\lp16\debug\polishnotation.obj
d:\despair\despair\lp16\lp16\debug\semantics.obj
d:\despair\despair\lp16\debug\lp16.exe
d:\despair\despair\lp16\debug\lp16.ilk
d:\despair\despair\lp16\debug\lp16.pdb
d:\despair\despair\lp16\lp16\debug\semantics.obj.enc
d:\despair\despair\lp16\lp16\debug\lp16.tlog\cl.command.1.tlog
d:\despair\despair\lp16\lp16\debug\lp16.tlog\cl.read.1.tlog
d:\despair\despair\lp16\lp16\debug\lp16.tlog\cl.write.1.tlog
d:\despair\despair\lp16\lp16\debug\lp16.tlog\link.command.1.tlog
d:\despair\despair\lp16\lp16\debug\lp16.tlog\link.read.1.tlog
d:\despair\despair\lp16\lp16\debug\lp16.tlog\link.write.1.tlog
